<?xml version="1.0" encoding="UTF-8"?>
<!-- Generated by org.testng.reporters.JUnitXMLReporter -->
<testsuite ignored="0" hostname="LAPTOP-J1RFS02R" failures="0" tests="12" name="TutorialsNinja Test Cases" time="68.674" errors="0" timestamp="2024-08-22T16:40:55 IST">
  <testcase classname="com.tutorialsninja.qa.testcases.Register" name="VerifyRegisteringAnAccountWithMandatoryFields" time="2.615"/>
  <testcase classname="com.tutorialsninja.qa.testcases.Register" name="VerifyRegisteringAnAccountWithAllFields" time="2.693"/>
  <testcase classname="com.tutorialsninja.qa.testcases.Register" name="VerifyRegisteringAnAccountWithExistingEmail" time="1.222"/>
  <testcase classname="com.tutorialsninja.qa.testcases.Register" name="VerifyRegisteringAnAccountWithEmptyMandatoryFields" time="0.573"/>
  <testcase classname="com.tutorialsninja.qa.testcases.Login" name="verifyLoginWithValidCredentials" time="1.281"/>
  <testcase classname="com.tutorialsninja.qa.testcases.Login" name="verifyLoginWithInvalidCredentials" time="1.421"/>
  <testcase classname="com.tutorialsninja.qa.testcases.Login" name="verifyLoginWithInvalidEmailAndValidPassword" time="0.882"/>
  <testcase classname="com.tutorialsninja.qa.testcases.Login" name="verifyLoginWithValidEmailAndInvalidPassword" time="0.759"/>
  <testcase classname="com.tutorialsninja.qa.testcases.Login" name="verifyLoginWithBlankCredentials" time="0.99"/>
  <testcase classname="com.tutorialsninja.qa.testcases.Search" name="VerifySearchWithValidProduct" time="2.117"/>
  <testcase classname="com.tutorialsninja.qa.testcases.Search" name="VerifySearchWithInvalidProduct" time="0.697"/>
  <testcase classname="com.tutorialsninja.qa.testcases.Search" name="VerifySearchWithoutAnyProduct" time="0.463"/>
</testsuite> <!-- TutorialsNinja Test Cases -->
