<?xml version="1.0" encoding="UTF-8"?>
<!-- Generated by org.testng.reporters.JUnitXMLReporter -->
<testsuite ignored="0" hostname="LAPTOP-J1RFS02R" failures="0" tests="12" name="Default test" time="66.942" errors="0" timestamp="2024-08-22T20:01:26 IST">
  <testcase classname="com.tutorialsninja.qa.testcases.Search" name="VerifySearchWithValidProduct" time="1.008"/>
  <testcase classname="com.tutorialsninja.qa.testcases.Search" name="VerifySearchWithInvalidProduct" time="0.652"/>
  <testcase classname="com.tutorialsninja.qa.testcases.Search" name="VerifySearchWithoutAnyProduct" time="0.447"/>
  <testcase classname="com.tutorialsninja.qa.testcases.Register" name="VerifyRegisteringAnAccountWithMandatoryFields" time="1.549"/>
  <testcase classname="com.tutorialsninja.qa.testcases.Register" name="VerifyRegisteringAnAccountWithAllFields" time="1.79"/>
  <testcase classname="com.tutorialsninja.qa.testcases.Register" name="VerifyRegisteringAnAccountWithExistingEmail" time="1.766"/>
  <testcase classname="com.tutorialsninja.qa.testcases.Register" name="VerifyRegisteringAnAccountWithEmptyMandatoryFields" time="0.661"/>
  <testcase classname="com.tutorialsninja.qa.testcases.Login" name="verifyLoginWithValidCredentials" time="1.321"/>
  <testcase classname="com.tutorialsninja.qa.testcases.Login" name="verifyLoginWithInvalidCredentials" time="0.793"/>
  <testcase classname="com.tutorialsninja.qa.testcases.Login" name="verifyLoginWithInvalidEmailAndValidPassword" time="0.756"/>
  <testcase classname="com.tutorialsninja.qa.testcases.Login" name="verifyLoginWithValidEmailAndInvalidPassword" time="0.66"/>
  <testcase classname="com.tutorialsninja.qa.testcases.Login" name="verifyLoginWithBlankCredentials" time="0.734"/>
</testsuite> <!-- Default test -->
