<?xml version="1.0" encoding="UTF-8"?>
<testng-results ignored="0" total="12" passed="12" failed="0" skipped="0">
  <reporter-output>
  </reporter-output>
  <suite started-at="2024-08-22T20:00:19 IST" name="Default suite" finished-at="2024-08-22T20:01:26 IST" duration-ms="66942">
    <groups>
    </groups>
    <test started-at="2024-08-22T20:00:19 IST" name="Default test" finished-at="2024-08-22T20:01:26 IST" duration-ms="66942">
      <class name="com.tutorialsninja.qa.testcases.Register">
        <test-method is-config="true" signature="Setup()[pri:0, instance:com.tutorialsninja.qa.testcases.Register@5dda768f]" started-at="2024-08-22T20:00:34 IST" name="Setup" finished-at="2024-08-22T20:00:38 IST" duration-ms="4026" status="PASS">
          <reporter-output>
          </reporter-output>
        </test-method> <!-- Setup -->
        <test-method signature="VerifyRegisteringAnAccountWithMandatoryFields()[pri:1, instance:com.tutorialsninja.qa.testcases.Register@5dda768f]" started-at="2024-08-22T20:00:38 IST" name="VerifyRegisteringAnAccountWithMandatoryFields" finished-at="2024-08-22T20:00:40 IST" duration-ms="1549" status="PASS">
          <reporter-output>
          </reporter-output>
        </test-method> <!-- VerifyRegisteringAnAccountWithMandatoryFields -->
        <test-method is-config="true" signature="tearDown()[pri:0, instance:com.tutorialsninja.qa.testcases.Register@5dda768f]" started-at="2024-08-22T20:00:40 IST" name="tearDown" finished-at="2024-08-22T20:00:40 IST" duration-ms="199" status="PASS">
          <reporter-output>
          </reporter-output>
        </test-method> <!-- tearDown -->
        <test-method is-config="true" signature="Setup()[pri:0, instance:com.tutorialsninja.qa.testcases.Register@5dda768f]" started-at="2024-08-22T20:00:40 IST" name="Setup" finished-at="2024-08-22T20:00:44 IST" duration-ms="4469" status="PASS">
          <reporter-output>
          </reporter-output>
        </test-method> <!-- Setup -->
        <test-method signature="VerifyRegisteringAnAccountWithAllFields()[pri:2, instance:com.tutorialsninja.qa.testcases.Register@5dda768f]" started-at="2024-08-22T20:00:44 IST" name="VerifyRegisteringAnAccountWithAllFields" finished-at="2024-08-22T20:00:46 IST" duration-ms="1790" status="PASS">
          <reporter-output>
          </reporter-output>
        </test-method> <!-- VerifyRegisteringAnAccountWithAllFields -->
        <test-method is-config="true" signature="tearDown()[pri:0, instance:com.tutorialsninja.qa.testcases.Register@5dda768f]" started-at="2024-08-22T20:00:46 IST" name="tearDown" finished-at="2024-08-22T20:00:46 IST" duration-ms="289" status="PASS">
          <reporter-output>
          </reporter-output>
        </test-method> <!-- tearDown -->
        <test-method is-config="true" signature="Setup()[pri:0, instance:com.tutorialsninja.qa.testcases.Register@5dda768f]" started-at="2024-08-22T20:00:46 IST" name="Setup" finished-at="2024-08-22T20:00:53 IST" duration-ms="7090" status="PASS">
          <reporter-output>
          </reporter-output>
        </test-method> <!-- Setup -->
        <test-method signature="VerifyRegisteringAnAccountWithExistingEmail()[pri:3, instance:com.tutorialsninja.qa.testcases.Register@5dda768f]" started-at="2024-08-22T20:00:53 IST" name="VerifyRegisteringAnAccountWithExistingEmail" finished-at="2024-08-22T20:00:55 IST" duration-ms="1766" status="PASS">
          <reporter-output>
          </reporter-output>
        </test-method> <!-- VerifyRegisteringAnAccountWithExistingEmail -->
        <test-method is-config="true" signature="tearDown()[pri:0, instance:com.tutorialsninja.qa.testcases.Register@5dda768f]" started-at="2024-08-22T20:00:55 IST" name="tearDown" finished-at="2024-08-22T20:00:56 IST" duration-ms="325" status="PASS">
          <reporter-output>
          </reporter-output>
        </test-method> <!-- tearDown -->
        <test-method is-config="true" signature="Setup()[pri:0, instance:com.tutorialsninja.qa.testcases.Register@5dda768f]" started-at="2024-08-22T20:00:56 IST" name="Setup" finished-at="2024-08-22T20:01:00 IST" duration-ms="4613" status="PASS">
          <reporter-output>
          </reporter-output>
        </test-method> <!-- Setup -->
        <test-method signature="VerifyRegisteringAnAccountWithEmptyMandatoryFields()[pri:4, instance:com.tutorialsninja.qa.testcases.Register@5dda768f]" started-at="2024-08-22T20:01:00 IST" name="VerifyRegisteringAnAccountWithEmptyMandatoryFields" finished-at="2024-08-22T20:01:01 IST" duration-ms="661" status="PASS">
          <reporter-output>
          </reporter-output>
        </test-method> <!-- VerifyRegisteringAnAccountWithEmptyMandatoryFields -->
        <test-method is-config="true" signature="tearDown()[pri:0, instance:com.tutorialsninja.qa.testcases.Register@5dda768f]" started-at="2024-08-22T20:01:01 IST" name="tearDown" finished-at="2024-08-22T20:01:01 IST" duration-ms="273" status="PASS">
          <reporter-output>
          </reporter-output>
        </test-method> <!-- tearDown -->
      </class> <!-- com.tutorialsninja.qa.testcases.Register -->
      <class name="com.tutorialsninja.qa.testcases.Search">
        <test-method is-config="true" signature="Setup()[pri:0, instance:com.tutorialsninja.qa.testcases.Search@1165b38]" started-at="2024-08-22T20:00:19 IST" name="Setup" finished-at="2024-08-22T20:00:24 IST" duration-ms="4951" status="PASS">
          <reporter-output>
          </reporter-output>
        </test-method> <!-- Setup -->
        <test-method signature="VerifySearchWithValidProduct()[pri:1, instance:com.tutorialsninja.qa.testcases.Search@1165b38]" started-at="2024-08-22T20:00:24 IST" name="VerifySearchWithValidProduct" finished-at="2024-08-22T20:00:25 IST" duration-ms="1008" status="PASS">
          <reporter-output>
          </reporter-output>
        </test-method> <!-- VerifySearchWithValidProduct -->
        <test-method is-config="true" signature="tearDown()[pri:0, instance:com.tutorialsninja.qa.testcases.Search@1165b38]" started-at="2024-08-22T20:00:25 IST" name="tearDown" finished-at="2024-08-22T20:00:25 IST" duration-ms="380" status="PASS">
          <reporter-output>
          </reporter-output>
        </test-method> <!-- tearDown -->
        <test-method is-config="true" signature="Setup()[pri:0, instance:com.tutorialsninja.qa.testcases.Search@1165b38]" started-at="2024-08-22T20:00:25 IST" name="Setup" finished-at="2024-08-22T20:00:29 IST" duration-ms="3477" status="PASS">
          <reporter-output>
          </reporter-output>
        </test-method> <!-- Setup -->
        <test-method signature="VerifySearchWithInvalidProduct()[pri:2, instance:com.tutorialsninja.qa.testcases.Search@1165b38]" started-at="2024-08-22T20:00:29 IST" name="VerifySearchWithInvalidProduct" finished-at="2024-08-22T20:00:29 IST" duration-ms="652" status="PASS">
          <reporter-output>
          </reporter-output>
        </test-method> <!-- VerifySearchWithInvalidProduct -->
        <test-method is-config="true" signature="tearDown()[pri:0, instance:com.tutorialsninja.qa.testcases.Search@1165b38]" started-at="2024-08-22T20:00:29 IST" name="tearDown" finished-at="2024-08-22T20:00:29 IST" duration-ms="199" status="PASS">
          <reporter-output>
          </reporter-output>
        </test-method> <!-- tearDown -->
        <test-method is-config="true" signature="Setup()[pri:0, instance:com.tutorialsninja.qa.testcases.Search@1165b38]" started-at="2024-08-22T20:00:29 IST" name="Setup" finished-at="2024-08-22T20:00:33 IST" duration-ms="3909" status="PASS">
          <reporter-output>
          </reporter-output>
        </test-method> <!-- Setup -->
        <test-method signature="VerifySearchWithoutAnyProduct()[pri:3, instance:com.tutorialsninja.qa.testcases.Search@1165b38]" started-at="2024-08-22T20:00:33 IST" name="VerifySearchWithoutAnyProduct" finished-at="2024-08-22T20:00:34 IST" duration-ms="447" status="PASS">
          <reporter-output>
          </reporter-output>
        </test-method> <!-- VerifySearchWithoutAnyProduct -->
        <test-method is-config="true" signature="tearDown()[pri:0, instance:com.tutorialsninja.qa.testcases.Search@1165b38]" started-at="2024-08-22T20:00:34 IST" name="tearDown" finished-at="2024-08-22T20:00:34 IST" duration-ms="245" status="PASS">
          <reporter-output>
          </reporter-output>
        </test-method> <!-- tearDown -->
      </class> <!-- com.tutorialsninja.qa.testcases.Search -->
      <class name="com.tutorialsninja.qa.testcases.Login">
        <test-method is-config="true" signature="Setup()[pri:0, instance:com.tutorialsninja.qa.testcases.Login@7a8c8dcf]" started-at="2024-08-22T20:01:01 IST" name="Setup" finished-at="2024-08-22T20:01:05 IST" duration-ms="4224" status="PASS">
          <reporter-output>
          </reporter-output>
        </test-method> <!-- Setup -->
        <test-method signature="verifyLoginWithValidCredentials(java.lang.String,java.lang.String)[pri:1, instance:com.tutorialsninja.qa.testcases.Login@7a8c8dcf]" started-at="2024-08-22T20:01:05 IST" name="verifyLoginWithValidCredentials" data-provider="loginCredentials" finished-at="2024-08-22T20:01:07 IST" duration-ms="1321" status="PASS">
          <params>
            <param index="0">
              <value>
                <![CDATA[amotooricap9@gmail.com]]>
              </value>
            </param>
            <param index="1">
              <value>
                <![CDATA[12345]]>
              </value>
            </param>
          </params>
          <reporter-output>
          </reporter-output>
        </test-method> <!-- verifyLoginWithValidCredentials -->
        <test-method is-config="true" signature="tearDown()[pri:0, instance:com.tutorialsninja.qa.testcases.Login@7a8c8dcf]" started-at="2024-08-22T20:01:07 IST" name="tearDown" finished-at="2024-08-22T20:01:07 IST" duration-ms="295" status="PASS">
          <reporter-output>
          </reporter-output>
        </test-method> <!-- tearDown -->
        <test-method is-config="true" signature="Setup()[pri:0, instance:com.tutorialsninja.qa.testcases.Login@7a8c8dcf]" started-at="2024-08-22T20:01:07 IST" name="Setup" finished-at="2024-08-22T20:01:10 IST" duration-ms="3542" status="PASS">
          <reporter-output>
          </reporter-output>
        </test-method> <!-- Setup -->
        <test-method signature="verifyLoginWithInvalidCredentials()[pri:2, instance:com.tutorialsninja.qa.testcases.Login@7a8c8dcf]" started-at="2024-08-22T20:01:10 IST" name="verifyLoginWithInvalidCredentials" finished-at="2024-08-22T20:01:11 IST" duration-ms="793" status="PASS">
          <reporter-output>
          </reporter-output>
        </test-method> <!-- verifyLoginWithInvalidCredentials -->
        <test-method is-config="true" signature="tearDown()[pri:0, instance:com.tutorialsninja.qa.testcases.Login@7a8c8dcf]" started-at="2024-08-22T20:01:11 IST" name="tearDown" finished-at="2024-08-22T20:01:12 IST" duration-ms="235" status="PASS">
          <reporter-output>
          </reporter-output>
        </test-method> <!-- tearDown -->
        <test-method is-config="true" signature="Setup()[pri:0, instance:com.tutorialsninja.qa.testcases.Login@7a8c8dcf]" started-at="2024-08-22T20:01:12 IST" name="Setup" finished-at="2024-08-22T20:01:15 IST" duration-ms="3508" status="PASS">
          <reporter-output>
          </reporter-output>
        </test-method> <!-- Setup -->
        <test-method signature="verifyLoginWithInvalidEmailAndValidPassword()[pri:3, instance:com.tutorialsninja.qa.testcases.Login@7a8c8dcf]" started-at="2024-08-22T20:01:15 IST" name="verifyLoginWithInvalidEmailAndValidPassword" finished-at="2024-08-22T20:01:16 IST" duration-ms="756" status="PASS">
          <reporter-output>
          </reporter-output>
        </test-method> <!-- verifyLoginWithInvalidEmailAndValidPassword -->
        <test-method is-config="true" signature="tearDown()[pri:0, instance:com.tutorialsninja.qa.testcases.Login@7a8c8dcf]" started-at="2024-08-22T20:01:16 IST" name="tearDown" finished-at="2024-08-22T20:01:16 IST" duration-ms="212" status="PASS">
          <reporter-output>
          </reporter-output>
        </test-method> <!-- tearDown -->
        <test-method is-config="true" signature="Setup()[pri:0, instance:com.tutorialsninja.qa.testcases.Login@7a8c8dcf]" started-at="2024-08-22T20:01:16 IST" name="Setup" finished-at="2024-08-22T20:01:20 IST" duration-ms="4106" status="PASS">
          <reporter-output>
          </reporter-output>
        </test-method> <!-- Setup -->
        <test-method signature="verifyLoginWithValidEmailAndInvalidPassword()[pri:4, instance:com.tutorialsninja.qa.testcases.Login@7a8c8dcf]" started-at="2024-08-22T20:01:20 IST" name="verifyLoginWithValidEmailAndInvalidPassword" finished-at="2024-08-22T20:01:21 IST" duration-ms="660" status="PASS">
          <reporter-output>
          </reporter-output>
        </test-method> <!-- verifyLoginWithValidEmailAndInvalidPassword -->
        <test-method is-config="true" signature="tearDown()[pri:0, instance:com.tutorialsninja.qa.testcases.Login@7a8c8dcf]" started-at="2024-08-22T20:01:21 IST" name="tearDown" finished-at="2024-08-22T20:01:21 IST" duration-ms="182" status="PASS">
          <reporter-output>
          </reporter-output>
        </test-method> <!-- tearDown -->
        <test-method is-config="true" signature="Setup()[pri:0, instance:com.tutorialsninja.qa.testcases.Login@7a8c8dcf]" started-at="2024-08-22T20:01:21 IST" name="Setup" finished-at="2024-08-22T20:01:25 IST" duration-ms="3728" status="PASS">
          <reporter-output>
          </reporter-output>
        </test-method> <!-- Setup -->
        <test-method signature="verifyLoginWithBlankCredentials()[pri:5, instance:com.tutorialsninja.qa.testcases.Login@7a8c8dcf]" started-at="2024-08-22T20:01:25 IST" name="verifyLoginWithBlankCredentials" finished-at="2024-08-22T20:01:25 IST" duration-ms="734" status="PASS">
          <reporter-output>
          </reporter-output>
        </test-method> <!-- verifyLoginWithBlankCredentials -->
        <test-method is-config="true" signature="tearDown()[pri:0, instance:com.tutorialsninja.qa.testcases.Login@7a8c8dcf]" started-at="2024-08-22T20:01:25 IST" name="tearDown" finished-at="2024-08-22T20:01:26 IST" duration-ms="231" status="PASS">
          <reporter-output>
          </reporter-output>
        </test-method> <!-- tearDown -->
      </class> <!-- com.tutorialsninja.qa.testcases.Login -->
    </test> <!-- Default test -->
  </suite> <!-- Default suite -->
</testng-results>
